2024-02-25 01:09:15.403 [ INFO] [           main] c.b.Application                          : Starting Application using Java 21.0.2 with PID 8052 (D:\Studyspace\spring-boot\exercises\ch02\ch02-log4j2\target\classes started by nguye in D:\Studyspace\spring-boot\exercises\ch02\ch02-log4j2)
2024-02-25 01:09:15.409 [ INFO] [           main] c.b.Application                          : No active profile set, falling back to 1 default profile: "default"
2024-02-25 01:09:15.958 [ INFO] [           main] o.a.c.h.Http11NioProtocol                : Initializing ProtocolHandler ["http-nio-8080"]
2024-02-25 01:09:15.959 [ INFO] [           main] o.a.c.c.StandardService                  : Starting service [Tomcat]
2024-02-25 01:09:15.959 [ INFO] [           main] o.a.c.c.StandardEngine                   : Starting Servlet engine: [Apache Tomcat/10.1.19]
2024-02-25 01:09:15.990 [ INFO] [           main] o.a.c.c.C.[.[.[/]                        : Initializing Spring embedded WebApplicationContext
2024-02-25 01:09:16.211 [ INFO] [           main] o.a.c.h.Http11NioProtocol                : Starting ProtocolHandler ["http-nio-8080"]
2024-02-25 01:09:16.229 [ INFO] [           main] c.b.Application                          : Started Application in 1.064 seconds (process running for 1.81)
2024-02-25 01:09:16.231 [ INFO] [           main] c.b.Application                          : CourseTrackerApplication started successfully with Log4j2 configuration
2024-02-25 01:11:26.786 [disableAnsi=true( INFO)] [           main] c.b.Application                          : Starting Application using Java 21.0.2 with PID 3216 (D:\Studyspace\spring-boot\exercises\ch02\ch02-log4j2\target\classes started by nguye in D:\Studyspace\spring-boot\exercises\ch02\ch02-log4j2)
2024-02-25 01:11:26.791 [disableAnsi=true( INFO)] [           main] c.b.Application                          : No active profile set, falling back to 1 default profile: "default"
2024-02-25 01:11:27.356 [disableAnsi=true( INFO)] [           main] o.a.c.h.Http11NioProtocol                : Initializing ProtocolHandler ["http-nio-8080"]
2024-02-25 01:11:27.358 [disableAnsi=true( INFO)] [           main] o.a.c.c.StandardService                  : Starting service [Tomcat]
2024-02-25 01:11:27.358 [disableAnsi=true( INFO)] [           main] o.a.c.c.StandardEngine                   : Starting Servlet engine: [Apache Tomcat/10.1.19]
2024-02-25 01:11:27.387 [disableAnsi=true( INFO)] [           main] o.a.c.c.C.[.[.[/]                        : Initializing Spring embedded WebApplicationContext
2024-02-25 01:11:27.618 [disableAnsi=true( INFO)] [           main] o.a.c.h.Http11NioProtocol                : Starting ProtocolHandler ["http-nio-8080"]
2024-02-25 01:11:27.646 [disableAnsi=true( INFO)] [           main] c.b.Application                          : Started Application in 1.092 seconds (process running for 1.774)
2024-02-25 01:11:27.648 [disableAnsi=true( INFO)] [           main] c.b.Application                          : CourseTrackerApplication started successfully with Log4j2 configuration
2024-02-25 01:11:58.119 [disableAnsi=true( INFO)] [%cyan(           main)] disableAnsi=true(c.b.Application                         ) : Starting Application using Java 21.0.2 with PID 25300 (D:\Studyspace\spring-boot\exercises\ch02\ch02-log4j2\target\classes started by nguye in D:\Studyspace\spring-boot\exercises\ch02\ch02-log4j2)
2024-02-25 01:11:58.123 [disableAnsi=true( INFO)] [%cyan(           main)] disableAnsi=true(c.b.Application                         ) : No active profile set, falling back to 1 default profile: "default"
2024-02-25 01:11:58.697 [disableAnsi=true( INFO)] [%cyan(           main)] disableAnsi=true(o.a.c.h.Http11NioProtocol               ) : Initializing ProtocolHandler ["http-nio-8080"]
2024-02-25 01:11:58.699 [disableAnsi=true( INFO)] [%cyan(           main)] disableAnsi=true(o.a.c.c.StandardService                 ) : Starting service [Tomcat]
2024-02-25 01:11:58.699 [disableAnsi=true( INFO)] [%cyan(           main)] disableAnsi=true(o.a.c.c.StandardEngine                  ) : Starting Servlet engine: [Apache Tomcat/10.1.19]
2024-02-25 01:11:58.731 [disableAnsi=true( INFO)] [%cyan(           main)] disableAnsi=true(o.a.c.c.C.[.[.[/]                       ) : Initializing Spring embedded WebApplicationContext
2024-02-25 01:11:58.969 [disableAnsi=true( INFO)] [%cyan(           main)] disableAnsi=true(o.a.c.h.Http11NioProtocol               ) : Starting ProtocolHandler ["http-nio-8080"]
2024-02-25 01:11:58.985 [disableAnsi=true( INFO)] [%cyan(           main)] disableAnsi=true(c.b.Application                         ) : Started Application in 1.097 seconds (process running for 1.782)
2024-02-25 01:11:58.987 [disableAnsi=true( INFO)] [%cyan(           main)] disableAnsi=true(c.b.Application                         ) : CourseTrackerApplication started successfully with Log4j2 configuration
2024-02-25 01:14:58.789 disableAnsi=true(INFO ) [main] %cyan(com.booting.Application): Starting Application using Java 21.0.2 with PID 22016 (D:\Studyspace\spring-boot\exercises\ch02\ch02-log4j2\target\classes started by nguye in D:\Studyspace\spring-boot\exercises\ch02\ch02-log4j2)
2024-02-25 01:14:58.794 disableAnsi=true(INFO ) [main] %cyan(com.booting.Application): No active profile set, falling back to 1 default profile: "default"
2024-02-25 01:14:59.406 disableAnsi=true(INFO ) [main] %cyan(org.apache.coyote.http11.Http11NioProtocol): Initializing ProtocolHandler ["http-nio-8080"]
2024-02-25 01:14:59.408 disableAnsi=true(INFO ) [main] %cyan(org.apache.catalina.core.StandardService): Starting service [Tomcat]
2024-02-25 01:14:59.408 disableAnsi=true(INFO ) [main] %cyan(org.apache.catalina.core.StandardEngine): Starting Servlet engine: [Apache Tomcat/10.1.19]
2024-02-25 01:14:59.446 disableAnsi=true(INFO ) [main] %cyan(org.apache.catalina.core.ContainerBase.[Tomcat].[localhost].[/]): Initializing Spring embedded WebApplicationContext
2024-02-25 01:14:59.669 disableAnsi=true(INFO ) [main] %cyan(org.apache.coyote.http11.Http11NioProtocol): Starting ProtocolHandler ["http-nio-8080"]
2024-02-25 01:14:59.687 disableAnsi=true(INFO ) [main] %cyan(com.booting.Application): Started Application in 1.135 seconds (process running for 1.949)
2024-02-25 01:14:59.689 disableAnsi=true(INFO ) [main] %cyan(com.booting.Application): CourseTrackerApplication started successfully with Log4j2 configuration
2024-02-25 01:15:11.774 [ INFO] [           main] c.b.Application                          : Starting Application using Java 21.0.2 with PID 740 (D:\Studyspace\spring-boot\exercises\ch02\ch02-log4j2\target\classes started by nguye in D:\Studyspace\spring-boot\exercises\ch02\ch02-log4j2)
2024-02-25 01:15:11.780 [ INFO] [           main] c.b.Application                          : No active profile set, falling back to 1 default profile: "default"
2024-02-25 01:15:12.345 [ INFO] [           main] o.a.c.h.Http11NioProtocol                : Initializing ProtocolHandler ["http-nio-8080"]
2024-02-25 01:15:12.347 [ INFO] [           main] o.a.c.c.StandardService                  : Starting service [Tomcat]
2024-02-25 01:15:12.347 [ INFO] [           main] o.a.c.c.StandardEngine                   : Starting Servlet engine: [Apache Tomcat/10.1.19]
2024-02-25 01:15:12.377 [ INFO] [           main] o.a.c.c.C.[.[.[/]                        : Initializing Spring embedded WebApplicationContext
2024-02-25 01:15:12.620 [ INFO] [           main] o.a.c.h.Http11NioProtocol                : Starting ProtocolHandler ["http-nio-8080"]
2024-02-25 01:15:12.638 [ INFO] [           main] c.b.Application                          : Started Application in 1.086 seconds (process running for 1.756)
2024-02-25 01:15:12.640 [ INFO] [           main] c.b.Application                          : CourseTrackerApplication started successfully with Log4j2 configuration
2024-02-25 01:15:34.387 [INFO] [           main] c.b.Application                          : Starting Application using Java 21.0.2 with PID 7640 (D:\Studyspace\spring-boot\exercises\ch02\ch02-log4j2\target\classes started by nguye in D:\Studyspace\spring-boot\exercises\ch02\ch02-log4j2)
2024-02-25 01:15:34.393 [INFO] [           main] c.b.Application                          : No active profile set, falling back to 1 default profile: "default"
2024-02-25 01:15:34.923 [INFO] [           main] o.a.c.h.Http11NioProtocol                : Initializing ProtocolHandler ["http-nio-8080"]
2024-02-25 01:15:34.924 [INFO] [           main] o.a.c.c.StandardService                  : Starting service [Tomcat]
2024-02-25 01:15:34.924 [INFO] [           main] o.a.c.c.StandardEngine                   : Starting Servlet engine: [Apache Tomcat/10.1.19]
2024-02-25 01:15:34.952 [INFO] [           main] o.a.c.c.C.[.[.[/]                        : Initializing Spring embedded WebApplicationContext
2024-02-25 01:15:35.167 [INFO] [           main] o.a.c.h.Http11NioProtocol                : Starting ProtocolHandler ["http-nio-8080"]
2024-02-25 01:15:35.185 [INFO] [           main] c.b.Application                          : Started Application in 1.015 seconds (process running for 1.655)
2024-02-25 01:15:35.187 [INFO] [           main] c.b.Application                          : CourseTrackerApplication started successfully with Log4j2 configuration
2024-02-25 01:15:55.216 [INFO] [n] c.b.Application                          : Starting Application using Java 21.0.2 with PID 4576 (D:\Studyspace\spring-boot\exercises\ch02\ch02-log4j2\target\classes started by nguye in D:\Studyspace\spring-boot\exercises\ch02\ch02-log4j2)
2024-02-25 01:15:55.222 [INFO] [n] c.b.Application                          : No active profile set, falling back to 1 default profile: "default"
2024-02-25 01:15:55.756 [INFO] [n] o.a.c.h.Http11NioProtocol                : Initializing ProtocolHandler ["http-nio-8080"]
2024-02-25 01:15:55.758 [INFO] [n] o.a.c.c.StandardService                  : Starting service [Tomcat]
2024-02-25 01:15:55.758 [INFO] [n] o.a.c.c.StandardEngine                   : Starting Servlet engine: [Apache Tomcat/10.1.19]
2024-02-25 01:15:55.787 [INFO] [n] o.a.c.c.C.[.[.[/]                        : Initializing Spring embedded WebApplicationContext
2024-02-25 01:15:56.015 [INFO] [n] o.a.c.h.Http11NioProtocol                : Starting ProtocolHandler ["http-nio-8080"]
2024-02-25 01:15:56.031 [INFO] [n] c.b.Application                          : Started Application in 1.039 seconds (process running for 1.694)
2024-02-25 01:15:56.033 [INFO] [n] c.b.Application                          : CourseTrackerApplication started successfully with Log4j2 configuration
2024-02-25 01:16:05.343 [INFO] [           main] c.b.Application                          : Starting Application using Java 21.0.2 with PID 23968 (D:\Studyspace\spring-boot\exercises\ch02\ch02-log4j2\target\classes started by nguye in D:\Studyspace\spring-boot\exercises\ch02\ch02-log4j2)
2024-02-25 01:16:05.349 [INFO] [           main] c.b.Application                          : No active profile set, falling back to 1 default profile: "default"
2024-02-25 01:16:05.890 [INFO] [           main] o.a.c.h.Http11NioProtocol                : Initializing ProtocolHandler ["http-nio-8080"]
2024-02-25 01:16:05.891 [INFO] [           main] o.a.c.c.StandardService                  : Starting service [Tomcat]
2024-02-25 01:16:05.891 [INFO] [           main] o.a.c.c.StandardEngine                   : Starting Servlet engine: [Apache Tomcat/10.1.19]
2024-02-25 01:16:05.921 [INFO] [           main] o.a.c.c.C.[.[.[/]                        : Initializing Spring embedded WebApplicationContext
2024-02-25 01:16:06.156 [INFO] [           main] o.a.c.h.Http11NioProtocol                : Starting ProtocolHandler ["http-nio-8080"]
2024-02-25 01:16:06.174 [INFO] [           main] c.b.Application                          : Started Application in 1.057 seconds (process running for 1.758)
2024-02-25 01:16:06.175 [INFO] [           main] c.b.Application                          : CourseTrackerApplication started successfully with Log4j2 configuration
2024-02-25 01:16:15.063 [ INFO] [           main] c.b.Application                          : Starting Application using Java 21.0.2 with PID 16460 (D:\Studyspace\spring-boot\exercises\ch02\ch02-log4j2\target\classes started by nguye in D:\Studyspace\spring-boot\exercises\ch02\ch02-log4j2)
2024-02-25 01:16:15.070 [ INFO] [           main] c.b.Application                          : No active profile set, falling back to 1 default profile: "default"
2024-02-25 01:16:15.767 [ INFO] [           main] o.a.c.h.Http11NioProtocol                : Initializing ProtocolHandler ["http-nio-8080"]
2024-02-25 01:16:15.769 [ INFO] [           main] o.a.c.c.StandardService                  : Starting service [Tomcat]
2024-02-25 01:16:15.769 [ INFO] [           main] o.a.c.c.StandardEngine                   : Starting Servlet engine: [Apache Tomcat/10.1.19]
2024-02-25 01:16:15.809 [ INFO] [           main] o.a.c.c.C.[.[.[/]                        : Initializing Spring embedded WebApplicationContext
2024-02-25 01:16:16.030 [ INFO] [           main] o.a.c.h.Http11NioProtocol                : Starting ProtocolHandler ["http-nio-8080"]
2024-02-25 01:16:16.047 [ INFO] [           main] c.b.Application                          : Started Application in 1.259 seconds (process running for 2.002)
2024-02-25 01:16:16.048 [ INFO] [           main] c.b.Application                          : CourseTrackerApplication started successfully with Log4j2 configuration
2024-02-24 18:18:04.585 [ INFO] [           main] c.b.Application                          : Starting Application using Java 21.0.2 with PID 17160 (D:\Studyspace\spring-boot\exercises\ch02\ch02-log4j2\target\classes started by nguye in D:\Studyspace\spring-boot\exercises\ch02\ch02-log4j2)
2024-02-24 18:18:04.590 [ INFO] [           main] c.b.Application                          : No active profile set, falling back to 1 default profile: "default"
2024-02-24 18:18:05.138 [ INFO] [           main] o.a.c.h.Http11NioProtocol                : Initializing ProtocolHandler ["http-nio-8080"]
2024-02-24 18:18:05.140 [ INFO] [           main] o.a.c.c.StandardService                  : Starting service [Tomcat]
2024-02-24 18:18:05.140 [ INFO] [           main] o.a.c.c.StandardEngine                   : Starting Servlet engine: [Apache Tomcat/10.1.19]
2024-02-24 18:18:05.169 [ INFO] [           main] o.a.c.c.C.[.[.[/]                        : Initializing Spring embedded WebApplicationContext
2024-02-24 18:18:05.397 [ INFO] [           main] o.a.c.h.Http11NioProtocol                : Starting ProtocolHandler ["http-nio-8080"]
2024-02-24 18:18:05.414 [ INFO] [           main] c.b.Application                          : Started Application in 1.065 seconds (process running for 1.761)
2024-02-24 18:18:05.416 [ INFO] [           main] c.b.Application                          : CourseTrackerApplication started successfully with Log4j2 configuration
(2024-02-25 01:18:40.135){yellow} [ INFO] [           main] c.b.Application                          : Starting Application using Java 21.0.2 with PID 17428 (D:\Studyspace\spring-boot\exercises\ch02\ch02-log4j2\target\classes started by nguye in D:\Studyspace\spring-boot\exercises\ch02\ch02-log4j2)
(2024-02-25 01:18:40.140){yellow} [ INFO] [           main] c.b.Application                          : No active profile set, falling back to 1 default profile: "default"
(2024-02-25 01:18:40.688){yellow} [ INFO] [           main] o.a.c.h.Http11NioProtocol                : Initializing ProtocolHandler ["http-nio-8080"]
(2024-02-25 01:18:40.689){yellow} [ INFO] [           main] o.a.c.c.StandardService                  : Starting service [Tomcat]
(2024-02-25 01:18:40.690){yellow} [ INFO] [           main] o.a.c.c.StandardEngine                   : Starting Servlet engine: [Apache Tomcat/10.1.19]
(2024-02-25 01:18:40.719){yellow} [ INFO] [           main] o.a.c.c.C.[.[.[/]                        : Initializing Spring embedded WebApplicationContext
(2024-02-25 01:18:40.952){yellow} [ INFO] [           main] o.a.c.h.Http11NioProtocol                : Starting ProtocolHandler ["http-nio-8080"]
(2024-02-25 01:18:40.968){yellow} [ INFO] [           main] c.b.Application                          : Started Application in 1.057 seconds (process running for 1.729)
(2024-02-25 01:18:40.970){yellow} [ INFO] [           main] c.b.Application                          : CourseTrackerApplication started successfully with Log4j2 configuration
2024-02-25 01:19:25.588 [ INFO] [           main] c.b.Application                          : Starting Application using Java 21.0.2 with PID 11668 (D:\Studyspace\spring-boot\exercises\ch02\ch02-log4j2\target\classes started by nguye in D:\Studyspace\spring-boot\exercises\ch02\ch02-log4j2)
2024-02-25 01:19:25.593 [ INFO] [           main] c.b.Application                          : No active profile set, falling back to 1 default profile: "default"
2024-02-25 01:19:26.125 [ INFO] [           main] o.a.c.h.Http11NioProtocol                : Initializing ProtocolHandler ["http-nio-8080"]
2024-02-25 01:19:26.126 [ INFO] [           main] o.a.c.c.StandardService                  : Starting service [Tomcat]
2024-02-25 01:19:26.126 [ INFO] [           main] o.a.c.c.StandardEngine                   : Starting Servlet engine: [Apache Tomcat/10.1.19]
2024-02-25 01:19:26.155 [ INFO] [           main] o.a.c.c.C.[.[.[/]                        : Initializing Spring embedded WebApplicationContext
2024-02-25 01:19:26.254 [DEBUG] [           main] s.w.s.m.m.a.RequestMappingHandlerMapping : 2 mappings in 'requestMappingHandlerMapping'
2024-02-25 01:19:26.286 [DEBUG] [           main] o.s.w.s.h.SimpleUrlHandlerMapping        : Patterns [/webjars/**, /**] in 'resourceHandlerMapping'
2024-02-25 01:19:26.302 [DEBUG] [           main] s.w.s.m.m.a.RequestMappingHandlerAdapter : ControllerAdvice beans: 0 @ModelAttribute, 0 @InitBinder, 1 RequestBodyAdvice, 1 ResponseBodyAdvice
2024-02-25 01:19:26.329 [DEBUG] [           main] .m.m.a.ExceptionHandlerExceptionResolver : ControllerAdvice beans: 0 @ExceptionHandler, 1 ResponseBodyAdvice
2024-02-25 01:19:26.395 [ INFO] [           main] o.a.c.h.Http11NioProtocol                : Starting ProtocolHandler ["http-nio-8080"]
2024-02-25 01:19:26.425 [ INFO] [           main] c.b.Application                          : Started Application in 1.068 seconds (process running for 1.803)
2024-02-25 01:19:26.427 [ INFO] [           main] c.b.Application                          : CourseTrackerApplication started successfully with Log4j2 configuration
